mode: count
github.com/Mobo140/microservices/chat/internal/service/chat/service.go:32.9,39.2 1 0
github.com/Mobo140/microservices/chat/internal/service/chat/service.go:41.81,43.71 2 0
github.com/Mobo140/microservices/chat/internal/service/chat/service.go:43.71,47.19 3 0
github.com/Mobo140/microservices/chat/internal/service/chat/service.go:47.19,49.4 1 0
github.com/Mobo140/microservices/chat/internal/service/chat/service.go:51.3,57.19 3 0
github.com/Mobo140/microservices/chat/internal/service/chat/service.go:57.19,59.4 1 0
github.com/Mobo140/microservices/chat/internal/service/chat/service.go:61.3,61.13 1 0
github.com/Mobo140/microservices/chat/internal/service/chat/service.go:64.2,64.16 1 0
github.com/Mobo140/microservices/chat/internal/service/chat/service.go:64.16,66.3 1 0
github.com/Mobo140/microservices/chat/internal/service/chat/service.go:68.2,68.16 1 0
github.com/Mobo140/microservices/chat/internal/service/chat/service.go:71.72,73.71 2 0
github.com/Mobo140/microservices/chat/internal/service/chat/service.go:73.71,77.19 3 0
github.com/Mobo140/microservices/chat/internal/service/chat/service.go:77.19,79.4 1 0
github.com/Mobo140/microservices/chat/internal/service/chat/service.go:81.3,87.19 3 0
github.com/Mobo140/microservices/chat/internal/service/chat/service.go:87.19,89.4 1 0
github.com/Mobo140/microservices/chat/internal/service/chat/service.go:91.3,91.13 1 0
github.com/Mobo140/microservices/chat/internal/service/chat/service.go:94.2,94.16 1 0
github.com/Mobo140/microservices/chat/internal/service/chat/service.go:94.16,96.3 1 0
github.com/Mobo140/microservices/chat/internal/service/chat/service.go:98.2,98.18 1 0
github.com/Mobo140/microservices/chat/internal/service/chat/service.go:101.60,102.71 1 0
github.com/Mobo140/microservices/chat/internal/service/chat/service.go:102.71,106.19 3 0
github.com/Mobo140/microservices/chat/internal/service/chat/service.go:106.19,108.4 1 0
github.com/Mobo140/microservices/chat/internal/service/chat/service.go:110.3,116.19 3 0
github.com/Mobo140/microservices/chat/internal/service/chat/service.go:116.19,118.4 1 0
github.com/Mobo140/microservices/chat/internal/service/chat/service.go:120.3,120.13 1 0
github.com/Mobo140/microservices/chat/internal/service/chat/service.go:123.2,123.16 1 0
github.com/Mobo140/microservices/chat/internal/service/chat/service.go:123.16,125.3 1 0
github.com/Mobo140/microservices/chat/internal/service/chat/service.go:127.2,127.12 1 0
github.com/Mobo140/microservices/chat/internal/service/chat/service.go:130.83,131.71 1 0
github.com/Mobo140/microservices/chat/internal/service/chat/service.go:131.71,135.19 3 0
github.com/Mobo140/microservices/chat/internal/service/chat/service.go:135.19,137.4 1 0
github.com/Mobo140/microservices/chat/internal/service/chat/service.go:139.3,150.19 3 0
github.com/Mobo140/microservices/chat/internal/service/chat/service.go:150.19,152.4 1 0
github.com/Mobo140/microservices/chat/internal/service/chat/service.go:154.3,154.13 1 0
github.com/Mobo140/microservices/chat/internal/service/chat/service.go:157.2,157.16 1 0
github.com/Mobo140/microservices/chat/internal/service/chat/service.go:157.16,159.3 1 0
github.com/Mobo140/microservices/chat/internal/service/chat/service.go:161.2,161.12 1 0
github.com/Mobo140/microservices/chat/internal/transport/handlers/chat/handler.go:24.73,26.2 1 0
github.com/Mobo140/microservices/chat/internal/transport/handlers/chat/handler.go:28.109,30.16 2 0
github.com/Mobo140/microservices/chat/internal/transport/handlers/chat/handler.go:30.16,32.3 1 0
github.com/Mobo140/microservices/chat/internal/transport/handlers/chat/handler.go:34.2,35.16 2 0
github.com/Mobo140/microservices/chat/internal/transport/handlers/chat/handler.go:35.16,37.3 1 0
github.com/Mobo140/microservices/chat/internal/transport/handlers/chat/handler.go:39.2,39.42 1 0
github.com/Mobo140/microservices/chat/internal/transport/handlers/chat/handler.go:42.100,44.16 2 0
github.com/Mobo140/microservices/chat/internal/transport/handlers/chat/handler.go:44.16,46.3 1 0
github.com/Mobo140/microservices/chat/internal/transport/handlers/chat/handler.go:48.2,56.8 3 0
github.com/Mobo140/microservices/chat/internal/transport/handlers/chat/handler.go:59.103,61.16 2 0
github.com/Mobo140/microservices/chat/internal/transport/handlers/chat/handler.go:61.16,63.3 1 0
github.com/Mobo140/microservices/chat/internal/transport/handlers/chat/handler.go:65.2,65.30 1 0
github.com/Mobo140/microservices/chat/internal/transport/handlers/chat/handler.go:68.113,70.16 2 0
github.com/Mobo140/microservices/chat/internal/transport/handlers/chat/handler.go:70.16,72.3 1 0
github.com/Mobo140/microservices/chat/internal/transport/handlers/chat/handler.go:73.2,82.16 3 0
github.com/Mobo140/microservices/chat/internal/transport/handlers/chat/handler.go:82.16,84.3 1 0
github.com/Mobo140/microservices/chat/internal/transport/handlers/chat/handler.go:86.2,86.30 1 0
github.com/Mobo140/microservices/chat/internal/service/chat/service.go:32.9,39.2 1 80
github.com/Mobo140/microservices/chat/internal/service/chat/service.go:41.81,43.71 2 20
github.com/Mobo140/microservices/chat/internal/service/chat/service.go:43.71,47.19 3 15
github.com/Mobo140/microservices/chat/internal/service/chat/service.go:47.19,49.4 1 5
github.com/Mobo140/microservices/chat/internal/service/chat/service.go:51.3,57.19 3 10
github.com/Mobo140/microservices/chat/internal/service/chat/service.go:57.19,59.4 1 5
github.com/Mobo140/microservices/chat/internal/service/chat/service.go:61.3,61.13 1 5
github.com/Mobo140/microservices/chat/internal/service/chat/service.go:64.2,64.16 1 20
github.com/Mobo140/microservices/chat/internal/service/chat/service.go:64.16,66.3 1 15
github.com/Mobo140/microservices/chat/internal/service/chat/service.go:68.2,68.16 1 5
github.com/Mobo140/microservices/chat/internal/service/chat/service.go:71.72,73.71 2 20
github.com/Mobo140/microservices/chat/internal/service/chat/service.go:73.71,77.19 3 15
github.com/Mobo140/microservices/chat/internal/service/chat/service.go:77.19,79.4 1 5
github.com/Mobo140/microservices/chat/internal/service/chat/service.go:81.3,87.19 3 10
github.com/Mobo140/microservices/chat/internal/service/chat/service.go:87.19,89.4 1 5
github.com/Mobo140/microservices/chat/internal/service/chat/service.go:91.3,91.13 1 5
github.com/Mobo140/microservices/chat/internal/service/chat/service.go:94.2,94.16 1 20
github.com/Mobo140/microservices/chat/internal/service/chat/service.go:94.16,96.3 1 15
github.com/Mobo140/microservices/chat/internal/service/chat/service.go:98.2,98.18 1 5
github.com/Mobo140/microservices/chat/internal/service/chat/service.go:101.60,102.71 1 20
github.com/Mobo140/microservices/chat/internal/service/chat/service.go:102.71,106.19 3 15
github.com/Mobo140/microservices/chat/internal/service/chat/service.go:106.19,108.4 1 5
github.com/Mobo140/microservices/chat/internal/service/chat/service.go:110.3,116.19 3 10
github.com/Mobo140/microservices/chat/internal/service/chat/service.go:116.19,118.4 1 5
github.com/Mobo140/microservices/chat/internal/service/chat/service.go:120.3,120.13 1 5
github.com/Mobo140/microservices/chat/internal/service/chat/service.go:123.2,123.16 1 20
github.com/Mobo140/microservices/chat/internal/service/chat/service.go:123.16,125.3 1 15
github.com/Mobo140/microservices/chat/internal/service/chat/service.go:127.2,127.12 1 5
github.com/Mobo140/microservices/chat/internal/service/chat/service.go:130.83,131.71 1 20
github.com/Mobo140/microservices/chat/internal/service/chat/service.go:131.71,135.19 3 15
github.com/Mobo140/microservices/chat/internal/service/chat/service.go:135.19,137.4 1 5
github.com/Mobo140/microservices/chat/internal/service/chat/service.go:139.3,150.19 3 10
github.com/Mobo140/microservices/chat/internal/service/chat/service.go:150.19,152.4 1 5
github.com/Mobo140/microservices/chat/internal/service/chat/service.go:154.3,154.13 1 5
github.com/Mobo140/microservices/chat/internal/service/chat/service.go:157.2,157.16 1 20
github.com/Mobo140/microservices/chat/internal/service/chat/service.go:157.16,159.3 1 15
github.com/Mobo140/microservices/chat/internal/service/chat/service.go:161.2,161.12 1 5
github.com/Mobo140/microservices/chat/internal/transport/handlers/chat/handler.go:24.73,26.2 1 0
github.com/Mobo140/microservices/chat/internal/transport/handlers/chat/handler.go:28.109,30.16 2 0
github.com/Mobo140/microservices/chat/internal/transport/handlers/chat/handler.go:30.16,32.3 1 0
github.com/Mobo140/microservices/chat/internal/transport/handlers/chat/handler.go:34.2,35.16 2 0
github.com/Mobo140/microservices/chat/internal/transport/handlers/chat/handler.go:35.16,37.3 1 0
github.com/Mobo140/microservices/chat/internal/transport/handlers/chat/handler.go:39.2,39.42 1 0
github.com/Mobo140/microservices/chat/internal/transport/handlers/chat/handler.go:42.100,44.16 2 0
github.com/Mobo140/microservices/chat/internal/transport/handlers/chat/handler.go:44.16,46.3 1 0
github.com/Mobo140/microservices/chat/internal/transport/handlers/chat/handler.go:48.2,56.8 3 0
github.com/Mobo140/microservices/chat/internal/transport/handlers/chat/handler.go:59.103,61.16 2 0
github.com/Mobo140/microservices/chat/internal/transport/handlers/chat/handler.go:61.16,63.3 1 0
github.com/Mobo140/microservices/chat/internal/transport/handlers/chat/handler.go:65.2,65.30 1 0
github.com/Mobo140/microservices/chat/internal/transport/handlers/chat/handler.go:68.113,70.16 2 0
github.com/Mobo140/microservices/chat/internal/transport/handlers/chat/handler.go:70.16,72.3 1 0
github.com/Mobo140/microservices/chat/internal/transport/handlers/chat/handler.go:73.2,82.16 3 0
github.com/Mobo140/microservices/chat/internal/transport/handlers/chat/handler.go:82.16,84.3 1 0
github.com/Mobo140/microservices/chat/internal/transport/handlers/chat/handler.go:86.2,86.30 1 0
github.com/Mobo140/microservices/chat/internal/service/chat/service.go:32.9,39.2 1 0
github.com/Mobo140/microservices/chat/internal/service/chat/service.go:41.81,43.71 2 0
github.com/Mobo140/microservices/chat/internal/service/chat/service.go:43.71,47.19 3 0
github.com/Mobo140/microservices/chat/internal/service/chat/service.go:47.19,49.4 1 0
github.com/Mobo140/microservices/chat/internal/service/chat/service.go:51.3,57.19 3 0
github.com/Mobo140/microservices/chat/internal/service/chat/service.go:57.19,59.4 1 0
github.com/Mobo140/microservices/chat/internal/service/chat/service.go:61.3,61.13 1 0
github.com/Mobo140/microservices/chat/internal/service/chat/service.go:64.2,64.16 1 0
github.com/Mobo140/microservices/chat/internal/service/chat/service.go:64.16,66.3 1 0
github.com/Mobo140/microservices/chat/internal/service/chat/service.go:68.2,68.16 1 0
github.com/Mobo140/microservices/chat/internal/service/chat/service.go:71.72,73.71 2 0
github.com/Mobo140/microservices/chat/internal/service/chat/service.go:73.71,77.19 3 0
github.com/Mobo140/microservices/chat/internal/service/chat/service.go:77.19,79.4 1 0
github.com/Mobo140/microservices/chat/internal/service/chat/service.go:81.3,87.19 3 0
github.com/Mobo140/microservices/chat/internal/service/chat/service.go:87.19,89.4 1 0
github.com/Mobo140/microservices/chat/internal/service/chat/service.go:91.3,91.13 1 0
github.com/Mobo140/microservices/chat/internal/service/chat/service.go:94.2,94.16 1 0
github.com/Mobo140/microservices/chat/internal/service/chat/service.go:94.16,96.3 1 0
github.com/Mobo140/microservices/chat/internal/service/chat/service.go:98.2,98.18 1 0
github.com/Mobo140/microservices/chat/internal/service/chat/service.go:101.60,102.71 1 0
github.com/Mobo140/microservices/chat/internal/service/chat/service.go:102.71,106.19 3 0
github.com/Mobo140/microservices/chat/internal/service/chat/service.go:106.19,108.4 1 0
github.com/Mobo140/microservices/chat/internal/service/chat/service.go:110.3,116.19 3 0
github.com/Mobo140/microservices/chat/internal/service/chat/service.go:116.19,118.4 1 0
github.com/Mobo140/microservices/chat/internal/service/chat/service.go:120.3,120.13 1 0
github.com/Mobo140/microservices/chat/internal/service/chat/service.go:123.2,123.16 1 0
github.com/Mobo140/microservices/chat/internal/service/chat/service.go:123.16,125.3 1 0
github.com/Mobo140/microservices/chat/internal/service/chat/service.go:127.2,127.12 1 0
github.com/Mobo140/microservices/chat/internal/service/chat/service.go:130.83,131.71 1 0
github.com/Mobo140/microservices/chat/internal/service/chat/service.go:131.71,135.19 3 0
github.com/Mobo140/microservices/chat/internal/service/chat/service.go:135.19,137.4 1 0
github.com/Mobo140/microservices/chat/internal/service/chat/service.go:139.3,150.19 3 0
github.com/Mobo140/microservices/chat/internal/service/chat/service.go:150.19,152.4 1 0
github.com/Mobo140/microservices/chat/internal/service/chat/service.go:154.3,154.13 1 0
github.com/Mobo140/microservices/chat/internal/service/chat/service.go:157.2,157.16 1 0
github.com/Mobo140/microservices/chat/internal/service/chat/service.go:157.16,159.3 1 0
github.com/Mobo140/microservices/chat/internal/service/chat/service.go:161.2,161.12 1 0
github.com/Mobo140/microservices/chat/internal/transport/handlers/chat/handler.go:24.73,26.2 1 50
github.com/Mobo140/microservices/chat/internal/transport/handlers/chat/handler.go:28.109,30.16 2 15
github.com/Mobo140/microservices/chat/internal/transport/handlers/chat/handler.go:30.16,32.3 1 5
github.com/Mobo140/microservices/chat/internal/transport/handlers/chat/handler.go:34.2,35.16 2 10
github.com/Mobo140/microservices/chat/internal/transport/handlers/chat/handler.go:35.16,37.3 1 5
github.com/Mobo140/microservices/chat/internal/transport/handlers/chat/handler.go:39.2,39.42 1 5
github.com/Mobo140/microservices/chat/internal/transport/handlers/chat/handler.go:42.100,44.16 2 10
github.com/Mobo140/microservices/chat/internal/transport/handlers/chat/handler.go:44.16,46.3 1 5
github.com/Mobo140/microservices/chat/internal/transport/handlers/chat/handler.go:48.2,56.8 3 5
github.com/Mobo140/microservices/chat/internal/transport/handlers/chat/handler.go:59.103,61.16 2 10
github.com/Mobo140/microservices/chat/internal/transport/handlers/chat/handler.go:61.16,63.3 1 5
github.com/Mobo140/microservices/chat/internal/transport/handlers/chat/handler.go:65.2,65.30 1 5
github.com/Mobo140/microservices/chat/internal/transport/handlers/chat/handler.go:68.113,70.16 2 15
github.com/Mobo140/microservices/chat/internal/transport/handlers/chat/handler.go:70.16,72.3 1 5
github.com/Mobo140/microservices/chat/internal/transport/handlers/chat/handler.go:73.2,82.16 3 10
github.com/Mobo140/microservices/chat/internal/transport/handlers/chat/handler.go:82.16,84.3 1 5
github.com/Mobo140/microservices/chat/internal/transport/handlers/chat/handler.go:86.2,86.30 1 5
